[08-Feb-2023 10:24:58 UTC] PHP Warning:  Undefined variable $con in /srv/data/web/vhosts/nanookpandora.com/htdocs/marvel_db/class_hero.php on line 28
[08-Feb-2023 10:24:58 UTC] PHP Fatal error:  Uncaught Error: Call to a member function query() on null in /srv/data/web/vhosts/nanookpandora.com/htdocs/marvel_db/class_hero.php:28
Stack trace:
#0 /srv/data/web/vhosts/nanookpandora.com/htdocs/marvel_db/index.php(39): hero->tous_heros()
#1 {main}
  thrown in /srv/data/web/vhosts/nanookpandora.com/htdocs/marvel_db/class_hero.php on line 28
[09-Feb-2023 08:44:47 UTC] PHP Warning:  Undefined variable $con in /srv/data/web/vhosts/nanookpandora.com/htdocs/marvel_db/class_hero.php on line 28
[09-Feb-2023 08:44:47 UTC] PHP Fatal error:  Uncaught Error: Call to a member function query() on null in /srv/data/web/vhosts/nanookpandora.com/htdocs/marvel_db/class_hero.php:28
Stack trace:
#0 /srv/data/web/vhosts/nanookpandora.com/htdocs/marvel_db/index.php(39): hero->tous_heros()
#1 {main}
  thrown in /srv/data/web/vhosts/nanookpandora.com/htdocs/marvel_db/class_hero.php on line 28
[10-Feb-2023 14:34:01 UTC] PHP Fatal error:  Uncaught Error: Call to a member function getForce() on bool in /srv/data/web/vhosts/nanookpandora.com/htdocs/marvel_db/index.php:63
Stack trace:
#0 {main}
  thrown in /srv/data/web/vhosts/nanookpandora.com/htdocs/marvel_db/index.php on line 63
[10-Feb-2023 14:38:28 UTC] PHP Fatal error:  Uncaught Error: Call to a member function getForce() on bool in /srv/data/web/vhosts/nanookpandora.com/htdocs/marvel_db/index.php:63
Stack trace:
#0 {main}
  thrown in /srv/data/web/vhosts/nanookpandora.com/htdocs/marvel_db/index.php on line 63
[10-Feb-2023 14:55:19 UTC] PHP Fatal error:  Uncaught PDOException: SQLSTATE[HY000]: General error: 1364 Field 'id' doesn't have a default value in /srv/data/web/vhosts/nanookpandora.com/htdocs/marvel_admin/add.php:15
Stack trace:
#0 /srv/data/web/vhosts/nanookpandora.com/htdocs/marvel_admin/add.php(15): PDOStatement->execute()
#1 {main}
  thrown in /srv/data/web/vhosts/nanookpandora.com/htdocs/marvel_admin/add.php on line 15
[10-Feb-2023 14:55:32 UTC] PHP Fatal error:  Uncaught Error: Call to a member function getForce() on bool in /srv/data/web/vhosts/nanookpandora.com/htdocs/marvel_db/index.php:63
Stack trace:
#0 {main}
  thrown in /srv/data/web/vhosts/nanookpandora.com/htdocs/marvel_db/index.php on line 63
[10-Feb-2023 14:58:40 UTC] PHP Fatal error:  Uncaught PDOException: SQLSTATE[HY000]: General error: 1364 Field 'id' doesn't have a default value in /srv/data/web/vhosts/nanookpandora.com/htdocs/marvel_admin/add.php:15
Stack trace:
#0 /srv/data/web/vhosts/nanookpandora.com/htdocs/marvel_admin/add.php(15): PDOStatement->execute()
#1 {main}
  thrown in /srv/data/web/vhosts/nanookpandora.com/htdocs/marvel_admin/add.php on line 15
[10-Feb-2023 14:59:00 UTC] PHP Fatal error:  Uncaught PDOException: SQLSTATE[HY000]: General error: 1364 Field 'id' doesn't have a default value in /srv/data/web/vhosts/nanookpandora.com/htdocs/marvel_admin/add.php:15
Stack trace:
#0 /srv/data/web/vhosts/nanookpandora.com/htdocs/marvel_admin/add.php(15): PDOStatement->execute()
#1 {main}
  thrown in /srv/data/web/vhosts/nanookpandora.com/htdocs/marvel_admin/add.php on line 15
[10-Feb-2023 15:00:43 UTC] PHP Fatal error:  Uncaught PDOException: SQLSTATE[HY000]: General error: 1364 Field 'id' doesn't have a default value in /srv/data/web/vhosts/nanookpandora.com/htdocs/marvel_admin/add.php:15
Stack trace:
#0 /srv/data/web/vhosts/nanookpandora.com/htdocs/marvel_admin/add.php(15): PDOStatement->execute()
#1 {main}
  thrown in /srv/data/web/vhosts/nanookpandora.com/htdocs/marvel_admin/add.php on line 15
[10-Feb-2023 15:01:26 UTC] PHP Fatal error:  Uncaught Error: Call to a member function getForce() on bool in /srv/data/web/vhosts/nanookpandora.com/htdocs/marvel_db/index.php:63
Stack trace:
#0 {main}
  thrown in /srv/data/web/vhosts/nanookpandora.com/htdocs/marvel_db/index.php on line 63
[10-Feb-2023 15:01:49 UTC] PHP Fatal error:  Uncaught PDOException: SQLSTATE[HY000]: General error: 1364 Field 'id' doesn't have a default value in /srv/data/web/vhosts/nanookpandora.com/htdocs/marvel_admin/add.php:15
Stack trace:
#0 /srv/data/web/vhosts/nanookpandora.com/htdocs/marvel_admin/add.php(15): PDOStatement->execute()
#1 {main}
  thrown in /srv/data/web/vhosts/nanookpandora.com/htdocs/marvel_admin/add.php on line 15
[10-Feb-2023 15:11:16 UTC] PHP Fatal error:  Uncaught PDOException: SQLSTATE[HY000]: General error: 1364 Field 'id' doesn't have a default value in /srv/data/web/vhosts/nanookpandora.com/htdocs/marvel_admin/add.php:15
Stack trace:
#0 /srv/data/web/vhosts/nanookpandora.com/htdocs/marvel_admin/add.php(15): PDOStatement->execute()
#1 {main}
  thrown in /srv/data/web/vhosts/nanookpandora.com/htdocs/marvel_admin/add.php on line 15
[10-Feb-2023 15:16:23 UTC] PHP Fatal error:  Uncaught PDOException: SQLSTATE[HY000]: General error: 1364 Field 'id' doesn't have a default value in /srv/data/web/vhosts/nanookpandora.com/htdocs/marvel_admin/add.php:15
Stack trace:
#0 /srv/data/web/vhosts/nanookpandora.com/htdocs/marvel_admin/add.php(15): PDOStatement->execute()
#1 {main}
  thrown in /srv/data/web/vhosts/nanookpandora.com/htdocs/marvel_admin/add.php on line 15
[10-Feb-2023 15:16:30 UTC] PHP Fatal error:  Uncaught PDOException: SQLSTATE[HY000]: General error: 1364 Field 'id' doesn't have a default value in /srv/data/web/vhosts/nanookpandora.com/htdocs/marvel_admin/add.php:15
Stack trace:
#0 /srv/data/web/vhosts/nanookpandora.com/htdocs/marvel_admin/add.php(15): PDOStatement->execute()
#1 {main}
  thrown in /srv/data/web/vhosts/nanookpandora.com/htdocs/marvel_admin/add.php on line 15
[10-Feb-2023 15:17:26 UTC] PHP Fatal error:  Uncaught PDOException: SQLSTATE[HY000]: General error: 1364 Field 'id' doesn't have a default value in /srv/data/web/vhosts/nanookpandora.com/htdocs/marvel_admin/add.php:15
Stack trace:
#0 /srv/data/web/vhosts/nanookpandora.com/htdocs/marvel_admin/add.php(15): PDOStatement->execute()
#1 {main}
  thrown in /srv/data/web/vhosts/nanookpandora.com/htdocs/marvel_admin/add.php on line 15
[10-Feb-2023 15:20:30 UTC] PHP Fatal error:  Uncaught Error: Call to a member function getForce() on bool in /srv/data/web/vhosts/nanookpandora.com/htdocs/marvel_db/index.php:63
Stack trace:
#0 {main}
  thrown in /srv/data/web/vhosts/nanookpandora.com/htdocs/marvel_db/index.php on line 63
[10-Feb-2023 15:21:12 UTC] PHP Fatal error:  Uncaught Error: Call to a member function getForce() on bool in /srv/data/web/vhosts/nanookpandora.com/htdocs/marvel_db/index.php:63
Stack trace:
#0 {main}
  thrown in /srv/data/web/vhosts/nanookpandora.com/htdocs/marvel_db/index.php on line 63
[10-Feb-2023 15:41:32 UTC] PHP Fatal error:  Uncaught Error: Call to a member function getForce() on bool in /srv/data/web/vhosts/nanookpandora.com/htdocs/marvel_db/index.php:63
Stack trace:
#0 {main}
  thrown in /srv/data/web/vhosts/nanookpandora.com/htdocs/marvel_db/index.php on line 63
[10-Feb-2023 15:42:04 UTC] PHP Fatal error:  Uncaught Error: Call to a member function getForce() on bool in /srv/data/web/vhosts/nanookpandora.com/htdocs/marvel_db/index.php:63
Stack trace:
#0 {main}
  thrown in /srv/data/web/vhosts/nanookpandora.com/htdocs/marvel_db/index.php on line 63
[10-Feb-2023 15:44:14 UTC] PHP Fatal error:  Uncaught Error: Call to a member function getForce() on bool in /srv/data/web/vhosts/nanookpandora.com/htdocs/marvel_db/index.php:63
Stack trace:
#0 {main}
  thrown in /srv/data/web/vhosts/nanookpandora.com/htdocs/marvel_db/index.php on line 63
[10-Feb-2023 15:44:22 UTC] PHP Fatal error:  Uncaught Error: Call to a member function getForce() on bool in /srv/data/web/vhosts/nanookpandora.com/htdocs/marvel_db/index.php:63
Stack trace:
#0 {main}
  thrown in /srv/data/web/vhosts/nanookpandora.com/htdocs/marvel_db/index.php on line 63
[10-Feb-2023 15:44:36 UTC] PHP Fatal error:  Uncaught Error: Call to a member function getForce() on bool in /srv/data/web/vhosts/nanookpandora.com/htdocs/marvel_db/index.php:63
Stack trace:
#0 {main}
  thrown in /srv/data/web/vhosts/nanookpandora.com/htdocs/marvel_db/index.php on line 63
[10-Feb-2023 15:45:09 UTC] PHP Fatal error:  Uncaught Error: Call to a member function getForce() on bool in /srv/data/web/vhosts/nanookpandora.com/htdocs/marvel_db/index.php:63
Stack trace:
#0 {main}
  thrown in /srv/data/web/vhosts/nanookpandora.com/htdocs/marvel_db/index.php on line 63
[10-Feb-2023 15:46:14 UTC] PHP Fatal error:  Uncaught Error: Call to a member function getForce() on bool in /srv/data/web/vhosts/nanookpandora.com/htdocs/marvel_db/index.php:63
Stack trace:
#0 {main}
  thrown in /srv/data/web/vhosts/nanookpandora.com/htdocs/marvel_db/index.php on line 63
[10-Feb-2023 15:47:57 UTC] PHP Fatal error:  Uncaught Error: Call to a member function getForce() on bool in /srv/data/web/vhosts/nanookpandora.com/htdocs/marvel_db/index.php:63
Stack trace:
#0 {main}
  thrown in /srv/data/web/vhosts/nanookpandora.com/htdocs/marvel_db/index.php on line 63
[10-Feb-2023 15:48:54 UTC] PHP Fatal error:  Uncaught Error: Call to a member function getForce() on bool in /srv/data/web/vhosts/nanookpandora.com/htdocs/marvel_db/index.php:63
Stack trace:
#0 {main}
  thrown in /srv/data/web/vhosts/nanookpandora.com/htdocs/marvel_db/index.php on line 63
[10-Feb-2023 15:53:58 UTC] PHP Fatal error:  Uncaught Error: Call to a member function getForce() on bool in /srv/data/web/vhosts/nanookpandora.com/htdocs/marvel_db/index.php:63
Stack trace:
#0 {main}
  thrown in /srv/data/web/vhosts/nanookpandora.com/htdocs/marvel_db/index.php on line 63
[10-Feb-2023 15:56:52 UTC] PHP Fatal error:  Uncaught Error: Call to a member function getForce() on bool in /srv/data/web/vhosts/nanookpandora.com/htdocs/marvel_db/index.php:63
Stack trace:
#0 {main}
  thrown in /srv/data/web/vhosts/nanookpandora.com/htdocs/marvel_db/index.php on line 63
[11-Feb-2023 12:06:35 UTC] PHP Fatal error:  Uncaught Error: Call to a member function getForce() on bool in /srv/data/web/vhosts/nanookpandora.com/htdocs/marvel_db/index.php:63
Stack trace:
#0 {main}
  thrown in /srv/data/web/vhosts/nanookpandora.com/htdocs/marvel_db/index.php on line 63
[12-Feb-2023 16:28:57 UTC] PHP Fatal error:  Uncaught Error: Call to a member function getForce() on bool in /srv/data/web/vhosts/nanookpandora.com/htdocs/marvel_db/index.php:63
Stack trace:
#0 {main}
  thrown in /srv/data/web/vhosts/nanookpandora.com/htdocs/marvel_db/index.php on line 63
[12-Feb-2023 16:34:19 UTC] PHP Fatal error:  Uncaught PDOException: SQLSTATE[HY000]: General error: 1364 Field 'id' doesn't have a default value in /srv/data/web/vhosts/nanookpandora.com/htdocs/marvel_admin/add.php:15
Stack trace:
#0 /srv/data/web/vhosts/nanookpandora.com/htdocs/marvel_admin/add.php(15): PDOStatement->execute()
#1 {main}
  thrown in /srv/data/web/vhosts/nanookpandora.com/htdocs/marvel_admin/add.php on line 15
[12-Feb-2023 16:36:55 UTC] PHP Fatal error:  Uncaught PDOException: SQLSTATE[HY000]: General error: 1364 Field 'id' doesn't have a default value in /srv/data/web/vhosts/nanookpandora.com/htdocs/marvel_admin/add.php:15
Stack trace:
#0 /srv/data/web/vhosts/nanookpandora.com/htdocs/marvel_admin/add.php(15): PDOStatement->execute()
#1 {main}
  thrown in /srv/data/web/vhosts/nanookpandora.com/htdocs/marvel_admin/add.php on line 15
[12-Feb-2023 16:44:12 UTC] PHP Fatal error:  Uncaught Error: Call to a member function getForce() on bool in /srv/data/web/vhosts/nanookpandora.com/htdocs/marvel_db/index.php:63
Stack trace:
#0 {main}
  thrown in /srv/data/web/vhosts/nanookpandora.com/htdocs/marvel_db/index.php on line 63
[12-Feb-2023 16:48:35 UTC] PHP Fatal error:  Uncaught PDOException: SQLSTATE[HY000]: General error: 1364 Field 'id' doesn't have a default value in /srv/data/web/vhosts/nanookpandora.com/htdocs/marvel_admin/add.php:15
Stack trace:
#0 /srv/data/web/vhosts/nanookpandora.com/htdocs/marvel_admin/add.php(15): PDOStatement->execute()
#1 {main}
  thrown in /srv/data/web/vhosts/nanookpandora.com/htdocs/marvel_admin/add.php on line 15
[12-Feb-2023 16:50:01 UTC] PHP Fatal error:  Uncaught PDOException: SQLSTATE[HY000]: General error: 1364 Field 'id' doesn't have a default value in /srv/data/web/vhosts/nanookpandora.com/htdocs/marvel_admin/add.php:15
Stack trace:
#0 /srv/data/web/vhosts/nanookpandora.com/htdocs/marvel_admin/add.php(15): PDOStatement->execute()
#1 {main}
  thrown in /srv/data/web/vhosts/nanookpandora.com/htdocs/marvel_admin/add.php on line 15
[12-Feb-2023 16:55:58 UTC] PHP Fatal error:  Uncaught PDOException: SQLSTATE[HY000]: General error: 1364 Field 'id' doesn't have a default value in /srv/data/web/vhosts/nanookpandora.com/htdocs/marvel_admin/add.php:15
Stack trace:
#0 /srv/data/web/vhosts/nanookpandora.com/htdocs/marvel_admin/add.php(15): PDOStatement->execute()
#1 {main}
  thrown in /srv/data/web/vhosts/nanookpandora.com/htdocs/marvel_admin/add.php on line 15
[12-Feb-2023 18:37:19 UTC] PHP Fatal error:  Uncaught PDOException: SQLSTATE[HY000]: General error: 1364 Field 'id' doesn't have a default value in /srv/data/web/vhosts/nanookpandora.com/htdocs/marvel_admin/add.php:15
Stack trace:
#0 /srv/data/web/vhosts/nanookpandora.com/htdocs/marvel_admin/add.php(15): PDOStatement->execute()
#1 {main}
  thrown in /srv/data/web/vhosts/nanookpandora.com/htdocs/marvel_admin/add.php on line 15
[12-Feb-2023 18:39:24 UTC] PHP Fatal error:  Uncaught PDOException: SQLSTATE[HY000]: General error: 1364 Field 'id' doesn't have a default value in /srv/data/web/vhosts/nanookpandora.com/htdocs/marvel_admin/add.php:15
Stack trace:
#0 /srv/data/web/vhosts/nanookpandora.com/htdocs/marvel_admin/add.php(15): PDOStatement->execute()
#1 {main}
  thrown in /srv/data/web/vhosts/nanookpandora.com/htdocs/marvel_admin/add.php on line 15
[12-Feb-2023 18:44:31 UTC] PHP Warning:  Undefined variable $con in /srv/data/web/vhosts/nanookpandora.com/htdocs/marvel_admin/add.php on line 14
[12-Feb-2023 18:44:31 UTC] PHP Fatal error:  Uncaught Error: Call to a member function prepare() on null in /srv/data/web/vhosts/nanookpandora.com/htdocs/marvel_admin/add.php:14
Stack trace:
#0 {main}
  thrown in /srv/data/web/vhosts/nanookpandora.com/htdocs/marvel_admin/add.php on line 14
[12-Feb-2023 18:45:31 UTC] PHP Fatal error:  Uncaught PDOException: SQLSTATE[HY000]: General error: 1364 Field 'id' doesn't have a default value in /srv/data/web/vhosts/nanookpandora.com/htdocs/marvel_admin/add.php:15
Stack trace:
#0 /srv/data/web/vhosts/nanookpandora.com/htdocs/marvel_admin/add.php(15): PDOStatement->execute()
#1 {main}
  thrown in /srv/data/web/vhosts/nanookpandora.com/htdocs/marvel_admin/add.php on line 15
[12-Feb-2023 18:54:11 UTC] PHP Fatal error:  Uncaught PDOException: SQLSTATE[HY000]: General error: 1364 Field 'id' doesn't have a default value in /srv/data/web/vhosts/nanookpandora.com/htdocs/marvel_admin/add.php:15
Stack trace:
#0 /srv/data/web/vhosts/nanookpandora.com/htdocs/marvel_admin/add.php(15): PDOStatement->execute()
#1 {main}
  thrown in /srv/data/web/vhosts/nanookpandora.com/htdocs/marvel_admin/add.php on line 15
[12-Feb-2023 18:54:32 UTC] PHP Fatal error:  Uncaught PDOException: SQLSTATE[HY000]: General error: 1364 Field 'id' doesn't have a default value in /srv/data/web/vhosts/nanookpandora.com/htdocs/marvel_admin/add.php:15
Stack trace:
#0 /srv/data/web/vhosts/nanookpandora.com/htdocs/marvel_admin/add.php(15): PDOStatement->execute()
#1 {main}
  thrown in /srv/data/web/vhosts/nanookpandora.com/htdocs/marvel_admin/add.php on line 15
[12-Feb-2023 18:56:13 UTC] PHP Fatal error:  Uncaught PDOException: SQLSTATE[HY000]: General error: 1364 Field 'id' doesn't have a default value in /srv/data/web/vhosts/nanookpandora.com/htdocs/marvel_admin/add.php:15
Stack trace:
#0 /srv/data/web/vhosts/nanookpandora.com/htdocs/marvel_admin/add.php(15): PDOStatement->execute()
#1 {main}
  thrown in /srv/data/web/vhosts/nanookpandora.com/htdocs/marvel_admin/add.php on line 15
